<?xml version="1.0" encoding="UTF-8"?>
<coverage generated="1646480980698" clover="3.2.0">
  <project timestamp="1646480980699" name="All files">
    <metrics statements="31" coveredstatements="29" conditionals="6" coveredconditionals="3" methods="11" coveredmethods="9" elements="48" coveredelements="41" complexity="0" loc="31" ncloc="31" packages="1" files="2" classes="2"/>
    <file name="Blog.js" path="/home/pab/Documents/FSO2021/Full-Stack-Open-2021/part5/src/components/Blog.js">
      <metrics statements="14" coveredstatements="12" conditionals="6" coveredconditionals="3" methods="6" coveredmethods="4"/>
      <line num="4" count="1" type="stmt"/>
      <line num="5" count="7" type="stmt"/>
      <line num="6" count="7" type="stmt"/>
      <line num="8" count="7" type="stmt"/>
      <line num="9" count="2" type="stmt"/>
      <line num="10" count="2" type="stmt"/>
      <line num="11" count="2" type="stmt"/>
      <line num="14" count="7" type="stmt"/>
      <line num="15" count="0" type="cond" truecount="0" falsecount="2"/>
      <line num="21" count="7" type="stmt"/>
      <line num="22" count="2" type="stmt"/>
      <line num="25" count="7" type="stmt"/>
      <line num="42" count="2" type="stmt"/>
      <line num="46" count="0" type="stmt"/>
    </file>
    <file name="BlogForm.js" path="/home/pab/Documents/FSO2021/Full-Stack-Open-2021/part5/src/components/BlogForm.js">
      <metrics statements="17" coveredstatements="17" conditionals="0" coveredconditionals="0" methods="5" coveredmethods="5"/>
      <line num="4" count="1" type="stmt"/>
      <line num="5" count="48" type="stmt"/>
      <line num="6" count="48" type="stmt"/>
      <line num="7" count="48" type="stmt"/>
      <line num="9" count="48" type="stmt"/>
      <line num="10" count="17" type="stmt"/>
      <line num="13" count="48" type="stmt"/>
      <line num="14" count="10" type="stmt"/>
      <line num="17" count="48" type="stmt"/>
      <line num="18" count="19" type="stmt"/>
      <line num="21" count="48" type="stmt"/>
      <line num="22" count="1" type="stmt"/>
      <line num="24" count="1" type="stmt"/>
      <line num="30" count="1" type="stmt"/>
      <line num="31" count="1" type="stmt"/>
      <line num="32" count="1" type="stmt"/>
      <line num="35" count="48" type="stmt"/>
    </file>
  </project>
</coverage>
