TN:
SF:src/components/Blog.js
FN:4,(anonymous_0)
FN:8,(anonymous_1)
FN:14,(anonymous_2)
FN:21,(anonymous_3)
FN:42,(anonymous_4)
FN:46,(anonymous_5)
FNF:6
FNH:4
FNDA:7,(anonymous_0)
FNDA:2,(anonymous_1)
FNDA:0,(anonymous_2)
FNDA:2,(anonymous_3)
FNDA:2,(anonymous_4)
FNDA:0,(anonymous_5)
DA:4,1
DA:5,7
DA:6,7
DA:8,7
DA:9,2
DA:10,2
DA:11,2
DA:14,7
DA:15,0
DA:21,7
DA:22,2
DA:25,7
DA:42,2
DA:46,0
LF:14
LH:12
BRDA:15,0,0,0
BRDA:15,0,1,0
BRDA:27,1,0,3
BRDA:27,1,1,4
BRDA:45,2,0,4
BRDA:45,2,1,0
BRF:6
BRH:3
end_of_record
TN:
SF:src/components/BlogForm.js
FN:4,(anonymous_0)
FN:9,(anonymous_1)
FN:13,(anonymous_2)
FN:17,(anonymous_3)
FN:21,(anonymous_4)
FNF:5
FNH:5
FNDA:48,(anonymous_0)
FNDA:17,(anonymous_1)
FNDA:10,(anonymous_2)
FNDA:19,(anonymous_3)
FNDA:1,(anonymous_4)
DA:4,1
DA:5,48
DA:6,48
DA:7,48
DA:9,48
DA:10,17
DA:13,48
DA:14,10
DA:17,48
DA:18,19
DA:21,48
DA:22,1
DA:24,1
DA:30,1
DA:31,1
DA:32,1
DA:35,48
LF:17
LH:17
BRF:0
BRH:0
end_of_record
